<?xml version="1.0" encoding="UTF-8"?>
<robot generator="Robot 6.0.2 (Python 3.11.1 on win32)" generated="20230322 15:10:54.184" rpa="false" schemaversion="3">
<suite id="s1" name="Chronos" source="C:\Users\Usuário\Desktop\Robot\testelogin-Robot\chronos.robot">
<test id="s1-t1" name="Chronos Test" line="13">
<kw name="Open Browser" library="SeleniumLibrary">
<arg>${url}</arg>
<arg>${navegador}</arg>
<doc>Opens a new browser instance to the optional ``url``.</doc>
<msg timestamp="20230322 15:10:54.675" level="INFO">Opening browser 'chrome' to base url 'https://www.demoblaze.com'.</msg>
<msg timestamp="20230322 15:10:59.155" level="INFO">Cannot capture screenshot because no browser is open.</msg>
<msg timestamp="20230322 15:10:59.156" level="FAIL">SessionNotCreatedException: Message: session not created: This version of ChromeDriver only supports Chrome version 109
Current browser version is 111.0.5563.65 with binary path C:\Program Files\Google\Chrome\Application\chrome.exe
Stacktrace:
Backtrace:
	(No symbol) [0x005B6643]
	(No symbol) [0x0054BE21]
	(No symbol) [0x0044DA9D]
	(No symbol) [0x00472911]
	(No symbol) [0x0046D630]
	(No symbol) [0x0046A899]
	(No symbol) [0x004A6917]
	(No symbol) [0x004A655C]
	(No symbol) [0x0049FB76]
	(No symbol) [0x004749C1]
	(No symbol) [0x00475E5D]
	GetHandleVerifier [0x0082A142+2497106]
	GetHandleVerifier [0x008585D3+2686691]
	GetHandleVerifier [0x0085BB9C+2700460]
	GetHandleVerifier [0x00663B10+635936]
	(No symbol) [0x00554A1F]
	(No symbol) [0x0055A418]
	(No symbol) [0x0055A505]
	(No symbol) [0x0056508B]
	BaseThreadInitThunk [0x757900F9+25]
	RtlGetAppContainerNamedObjectPath [0x77677BBE+286]
	RtlGetAppContainerNamedObjectPath [0x77677B8E+238]
</msg>
<status status="FAIL" starttime="20230322 15:10:54.674" endtime="20230322 15:10:59.172"/>
</kw>
<status status="FAIL" starttime="20230322 15:10:54.672" endtime="20230322 15:10:59.174">SessionNotCreatedException: Message: session not created: This version of ChromeDriver only supports Chrome version 109
Current browser version is 111.0.5563.65 with binary path C:\Program Files\Google\Chrome\Application\chrome.exe
Stacktrace:
Backtrace:
	(No symbol) [0x005B6643]
	(No symbol) [0x0054BE21]
	(No symbol) [0x0044DA9D]
	(No symbol) [0x00472911]
	(No symbol) [0x0046D630]
	(No symbol) [0x0046A899]
	(No symbol) [0x004A6917]
	(No symbol) [0x004A655C]
	(No symbol) [0x0049FB76]
	(No symbol) [0x004749C1]
	(No symbol) [0x00475E5D]
	GetHandleVerifier [0x0082A142+2497106]
	GetHandleVerifier [0x008585D3+2686691]
	GetHandleVerifier [0x0085BB9C+2700460]
	GetHandleVerifier [0x00663B10+635936]
	(No symbol) [0x00554A1F]
	(No symbol) [0x0055A418]
	(No symbol) [0x0055A505]
	(No symbol) [0x0056508B]
	BaseThreadInitThunk [0x757900F9+25]
	RtlGetAppContainerNamedObjectPath [0x77677BBE+286]
	RtlGetAppContainerNamedObjectPath [0x77677B8E+238]
</status>
</test>
<doc>Robot Framework Sem Complicação</doc>
<status status="FAIL" starttime="20230322 15:10:54.188" endtime="20230322 15:10:59.186"/>
</suite>
<statistics>
<total>
<stat pass="0" fail="1" skip="0">All Tests</stat>
</total>
<tag>
</tag>
<suite>
<stat pass="0" fail="1" skip="0" id="s1" name="Chronos">Chronos</stat>
</suite>
</statistics>
<errors>
</errors>
</robot>
